

Version:	3.50
CmdLine:	C:\JavaEd\task_11_16\task-11-16.exe --l4j-debug
JNI:		No
WOW64:		Yes
Working dir:	C:\JavaEd\task_11_16\.
Requires JDK:	No
Requires 64-Bit: No
Java min ver:	1.006.000_022
Java max ver:	
Substitute:	JAVA_HOME = C:\Users\very_\AppData\Local\Coursier\cache\arc\https\github.com\AdoptOpenJDK\openjdk8-binaries\releases\download\jdk8u292-b10\OpenJDK8U-jdk_x64_windows_hotspot_8u292b10.zip\jdk8u292-b10
Substitute:	PATH = C:\Program Files (x86)\Common Files\Intel\Shared Libraries\redist\intel64\compiler;C:\Windows\system32;C:\Windows;C:\Windows\System32\Wbem;C:\Windows\System32\WindowsPowerShell\v1.0\;C:\Windows\System32\OpenSSH\;C:\src\flutter\bin;C:\ProgramData\chocolatey\bin;C:\Program Files\Go\bin;C:\Program Files\Git\cmd;C:\Program Files\Java\jre1.8.0_351\bin;C:\Users\very_\anaconda3;C:\Users\very_\anaconda3\Library\mingw-w64\bin;C:\Users\very_\anaconda3\Library\usr\bin;C:\Users\very_\anaconda3\Library\bin;C:\Users\very_\anaconda3\Scripts;C:\Users\very_\AppData\Local\Microsoft\WindowsApps;C:\Users\very_\AppData\Local\Programs\Microsoft VS Code\bin;C:\Program Files\JetBrains\IntelliJ IDEA Community Edition 2022.2\bin;C:\Program Files\JetBrains\CLion 2022.2\bin;C:\Program Files\JetBrains\DataGrip 2022.2.1\bin;C:\Program Files\JetBrains\DataSpell 2022.2\bin;C:\Program Files\JetBrains\IntelliJ IDEA 2022.2\bin;C:\Program Files\JetBrains\GoLand 2022.2.1\bin;C:\src\flutter\bin;C:\tools\dart-sdk\bin;C:\Users\very_\AppData\Roaming\Pub\Cache\bin;C:\Users\very_\go\bin;C:\Users\very_\AppData\Local\Coursier\cache\arc\https\github.com\AdoptOpenJDK\openjdk8-binaries\releases\download\jdk8u292-b10\OpenJDK8U-jdk_x64_windows_hotspot_8u292b10.zip\jdk8u292-b10\bin;C:\Users\very_\AppData\Local\Coursier\data\bin;C:\Program Files\JetBrains\PyCharm 2022.2.1\bin;C:\Users\very_\AppData\Local\JetBrains\Toolbox\scripts;;C:\Users\very_\AppData\Local\Coursier\cache\arc\https\github.com\AdoptOpenJDK\openjdk8-binaries\releases\download\jdk8u292-b10\OpenJDK8U-jdk_x64_windows_hotspot_8u292b10.zip\jdk8u292-b10\bin
JRE paths:	C:\Users\very_\AppData\Local\Coursier\cache\arc\https\github.com\AdoptOpenJDK\openjdk8-binaries\releases\download\jdk8u292-b10\OpenJDK8U-jdk_x64_windows_hotspot_8u292b10.zip\jdk8u292-b10;C:\Program Files (x86)\Common Files\Intel\Shared Libraries\redist\intel64\compiler;C:\Windows\system32;C:\Windows;C:\Windows\System32\Wbem;C:\Windows\System32\WindowsPowerShell\v1.0\;C:\Windows\System32\OpenSSH\;C:\src\flutter\bin;C:\ProgramData\chocolatey\bin;C:\Program Files\Go\bin;C:\Program Files\Git\cmd;C:\Program Files\Java\jre1.8.0_351\bin;C:\Users\very_\anaconda3;C:\Users\very_\anaconda3\Library\mingw-w64\bin;C:\Users\very_\anaconda3\Library\usr\bin;C:\Users\very_\anaconda3\Library\bin;C:\Users\very_\anaconda3\Scripts;C:\Users\very_\AppData\Local\Microsoft\WindowsApps;C:\Users\very_\AppData\Local\Programs\Microsoft VS Code\bin;C:\Program Files\JetBrains\IntelliJ IDEA Community Edition 2022.2\bin;C:\Program Files\JetBrains\CLion 2022.2\bin;C:\Program Files\JetBrains\DataGrip 2022.2.1\bin;C:\Program Files\JetBrains\DataSpell 2022.2\bin;C:\Program Files\JetBrains\IntelliJ IDEA 2022.2\bin;C:\Program Files\JetBrains\GoLand 2022.2.1\bin;C:\src\flutter\bin;C:\tools\dart-sdk\bin;C:\Users\very_\AppData\Roaming\Pub\Cache\bin;C:\Users\very_\go\bin;C:\Users\very_\AppData\Local\Coursier\cache\arc\https\github.com\AdoptOpenJDK\openjdk8-binaries\releases\download\jdk8u292-b10\OpenJDK8U-jdk_x64_windows_hotspot_8u292b10.zip\jdk8u292-b10\bin;C:\Users\very_\AppData\Local\Coursier\data\bin;C:\Program Files\JetBrains\PyCharm 2022.2.1\bin;C:\Users\very_\AppData\Local\JetBrains\Toolbox\scripts;;C:\Users\very_\AppData\Local\Coursier\cache\arc\https\github.com\AdoptOpenJDK\openjdk8-binaries\releases\download\jdk8u292-b10\OpenJDK8U-jdk_x64_windows_hotspot_8u292b10.zip\jdk8u292-b10\bin
Check launcher:	C:\Users\very_\AppData\Local\Coursier\cache\arc\https\github.com\AdoptOpenJDK\openjdk8-binaries\releases\download\jdk8u292-b10\OpenJDK8U-jdk_x64_windows_hotspot_8u292b10.zip\jdk8u292-b10\bin\javaw.exe (OK)
Version string: 1.008.000_292 / 64-Bit (OK)
Launcher:	C:\Users\very_\AppData\Local\Coursier\cache\arc\https\github.com\AdoptOpenJDK\openjdk8-binaries\releases\download\jdk8u292-b10\OpenJDK8U-jdk_x64_windows_hotspot_8u292b10.zip\jdk8u292-b10\bin\javaw.exe
Launcher args:	-jar "C:\JavaEd\task_11_16\task-11-16.exe"
Args length:	42/32768 chars
Exit code:	0


Version:	3.50
CmdLine:	C:\JavaEd\task_11_16\11-16.exe --l4j-debug
JNI:		No
WOW64:		Yes
Working dir:	C:\JavaEd\task_11_16\.
Requires JDK:	No
Requires 64-Bit: No
Java min ver:	1.006.000_022
Java max ver:	
Substitute:	JAVA_HOME = C:\Users\very_\AppData\Local\Coursier\cache\arc\https\github.com\AdoptOpenJDK\openjdk8-binaries\releases\download\jdk8u292-b10\OpenJDK8U-jdk_x64_windows_hotspot_8u292b10.zip\jdk8u292-b10
Substitute:	PATH = C:\Program Files (x86)\Common Files\Intel\Shared Libraries\redist\intel64\compiler;C:\Windows\system32;C:\Windows;C:\Windows\System32\Wbem;C:\Windows\System32\WindowsPowerShell\v1.0\;C:\Windows\System32\OpenSSH\;C:\src\flutter\bin;C:\ProgramData\chocolatey\bin;C:\Program Files\Go\bin;C:\Program Files\Git\cmd;C:\Program Files\Java\jre1.8.0_351\bin;C:\Users\very_\anaconda3;C:\Users\very_\anaconda3\Library\mingw-w64\bin;C:\Users\very_\anaconda3\Library\usr\bin;C:\Users\very_\anaconda3\Library\bin;C:\Users\very_\anaconda3\Scripts;C:\Users\very_\AppData\Local\Microsoft\WindowsApps;C:\Users\very_\AppData\Local\Programs\Microsoft VS Code\bin;C:\Program Files\JetBrains\IntelliJ IDEA Community Edition 2022.2\bin;C:\Program Files\JetBrains\CLion 2022.2\bin;C:\Program Files\JetBrains\DataGrip 2022.2.1\bin;C:\Program Files\JetBrains\DataSpell 2022.2\bin;C:\Program Files\JetBrains\IntelliJ IDEA 2022.2\bin;C:\Program Files\JetBrains\GoLand 2022.2.1\bin;C:\src\flutter\bin;C:\tools\dart-sdk\bin;C:\Users\very_\AppData\Roaming\Pub\Cache\bin;C:\Users\very_\go\bin;C:\Users\very_\AppData\Local\Coursier\cache\arc\https\github.com\AdoptOpenJDK\openjdk8-binaries\releases\download\jdk8u292-b10\OpenJDK8U-jdk_x64_windows_hotspot_8u292b10.zip\jdk8u292-b10\bin;C:\Users\very_\AppData\Local\Coursier\data\bin;C:\Program Files\JetBrains\PyCharm 2022.2.1\bin;C:\Users\very_\AppData\Local\JetBrains\Toolbox\scripts;;C:\Users\very_\AppData\Local\Coursier\cache\arc\https\github.com\AdoptOpenJDK\openjdk8-binaries\releases\download\jdk8u292-b10\OpenJDK8U-jdk_x64_windows_hotspot_8u292b10.zip\jdk8u292-b10\bin
JRE paths:	C:\Users\very_\AppData\Local\Coursier\cache\arc\https\github.com\AdoptOpenJDK\openjdk8-binaries\releases\download\jdk8u292-b10\OpenJDK8U-jdk_x64_windows_hotspot_8u292b10.zip\jdk8u292-b10;C:\Program Files (x86)\Common Files\Intel\Shared Libraries\redist\intel64\compiler;C:\Windows\system32;C:\Windows;C:\Windows\System32\Wbem;C:\Windows\System32\WindowsPowerShell\v1.0\;C:\Windows\System32\OpenSSH\;C:\src\flutter\bin;C:\ProgramData\chocolatey\bin;C:\Program Files\Go\bin;C:\Program Files\Git\cmd;C:\Program Files\Java\jre1.8.0_351\bin;C:\Users\very_\anaconda3;C:\Users\very_\anaconda3\Library\mingw-w64\bin;C:\Users\very_\anaconda3\Library\usr\bin;C:\Users\very_\anaconda3\Library\bin;C:\Users\very_\anaconda3\Scripts;C:\Users\very_\AppData\Local\Microsoft\WindowsApps;C:\Users\very_\AppData\Local\Programs\Microsoft VS Code\bin;C:\Program Files\JetBrains\IntelliJ IDEA Community Edition 2022.2\bin;C:\Program Files\JetBrains\CLion 2022.2\bin;C:\Program Files\JetBrains\DataGrip 2022.2.1\bin;C:\Program Files\JetBrains\DataSpell 2022.2\bin;C:\Program Files\JetBrains\IntelliJ IDEA 2022.2\bin;C:\Program Files\JetBrains\GoLand 2022.2.1\bin;C:\src\flutter\bin;C:\tools\dart-sdk\bin;C:\Users\very_\AppData\Roaming\Pub\Cache\bin;C:\Users\very_\go\bin;C:\Users\very_\AppData\Local\Coursier\cache\arc\https\github.com\AdoptOpenJDK\openjdk8-binaries\releases\download\jdk8u292-b10\OpenJDK8U-jdk_x64_windows_hotspot_8u292b10.zip\jdk8u292-b10\bin;C:\Users\very_\AppData\Local\Coursier\data\bin;C:\Program Files\JetBrains\PyCharm 2022.2.1\bin;C:\Users\very_\AppData\Local\JetBrains\Toolbox\scripts;;C:\Users\very_\AppData\Local\Coursier\cache\arc\https\github.com\AdoptOpenJDK\openjdk8-binaries\releases\download\jdk8u292-b10\OpenJDK8U-jdk_x64_windows_hotspot_8u292b10.zip\jdk8u292-b10\bin
Check launcher:	C:\Users\very_\AppData\Local\Coursier\cache\arc\https\github.com\AdoptOpenJDK\openjdk8-binaries\releases\download\jdk8u292-b10\OpenJDK8U-jdk_x64_windows_hotspot_8u292b10.zip\jdk8u292-b10\bin\javaw.exe (OK)
Version string: 1.008.000_292 / 64-Bit (OK)
Launcher:	C:\Users\very_\AppData\Local\Coursier\cache\arc\https\github.com\AdoptOpenJDK\openjdk8-binaries\releases\download\jdk8u292-b10\OpenJDK8U-jdk_x64_windows_hotspot_8u292b10.zip\jdk8u292-b10\bin\javaw.exe
Launcher args:	-jar "C:\JavaEd\task_11_16\11-16.exe"
Args length:	37/32768 chars
Exit code:	0


Version:	3.50
CmdLine:	C:\JavaEd\task_11_16\11-16.exe --l4j-debug
JNI:		No
WOW64:		Yes
Working dir:	C:\JavaEd\task_11_16\.
Requires JDK:	No
Requires 64-Bit: No
Java min ver:	1.006.000_022
Java max ver:	
Substitute:	JAVA_HOME = C:\Users\very_\AppData\Local\Coursier\cache\arc\https\github.com\AdoptOpenJDK\openjdk8-binaries\releases\download\jdk8u292-b10\OpenJDK8U-jdk_x64_windows_hotspot_8u292b10.zip\jdk8u292-b10
Substitute:	PATH = C:\Program Files (x86)\Common Files\Intel\Shared Libraries\redist\intel64\compiler;C:\Windows\system32;C:\Windows;C:\Windows\System32\Wbem;C:\Windows\System32\WindowsPowerShell\v1.0\;C:\Windows\System32\OpenSSH\;C:\src\flutter\bin;C:\ProgramData\chocolatey\bin;C:\Program Files\Go\bin;C:\Program Files\Git\cmd;C:\Program Files\Java\jre1.8.0_351\bin;C:\Users\very_\anaconda3;C:\Users\very_\anaconda3\Library\mingw-w64\bin;C:\Users\very_\anaconda3\Library\usr\bin;C:\Users\very_\anaconda3\Library\bin;C:\Users\very_\anaconda3\Scripts;C:\Users\very_\AppData\Local\Microsoft\WindowsApps;C:\Users\very_\AppData\Local\Programs\Microsoft VS Code\bin;C:\Program Files\JetBrains\IntelliJ IDEA Community Edition 2022.2\bin;C:\Program Files\JetBrains\CLion 2022.2\bin;C:\Program Files\JetBrains\DataGrip 2022.2.1\bin;C:\Program Files\JetBrains\DataSpell 2022.2\bin;C:\Program Files\JetBrains\IntelliJ IDEA 2022.2\bin;C:\Program Files\JetBrains\GoLand 2022.2.1\bin;C:\src\flutter\bin;C:\tools\dart-sdk\bin;C:\Users\very_\AppData\Roaming\Pub\Cache\bin;C:\Users\very_\go\bin;C:\Users\very_\AppData\Local\Coursier\cache\arc\https\github.com\AdoptOpenJDK\openjdk8-binaries\releases\download\jdk8u292-b10\OpenJDK8U-jdk_x64_windows_hotspot_8u292b10.zip\jdk8u292-b10\bin;C:\Users\very_\AppData\Local\Coursier\data\bin;C:\Program Files\JetBrains\PyCharm 2022.2.1\bin;C:\Users\very_\AppData\Local\JetBrains\Toolbox\scripts;;C:\Users\very_\AppData\Local\Coursier\cache\arc\https\github.com\AdoptOpenJDK\openjdk8-binaries\releases\download\jdk8u292-b10\OpenJDK8U-jdk_x64_windows_hotspot_8u292b10.zip\jdk8u292-b10\bin
JRE paths:	C:\Users\very_\AppData\Local\Coursier\cache\arc\https\github.com\AdoptOpenJDK\openjdk8-binaries\releases\download\jdk8u292-b10\OpenJDK8U-jdk_x64_windows_hotspot_8u292b10.zip\jdk8u292-b10;C:\Program Files (x86)\Common Files\Intel\Shared Libraries\redist\intel64\compiler;C:\Windows\system32;C:\Windows;C:\Windows\System32\Wbem;C:\Windows\System32\WindowsPowerShell\v1.0\;C:\Windows\System32\OpenSSH\;C:\src\flutter\bin;C:\ProgramData\chocolatey\bin;C:\Program Files\Go\bin;C:\Program Files\Git\cmd;C:\Program Files\Java\jre1.8.0_351\bin;C:\Users\very_\anaconda3;C:\Users\very_\anaconda3\Library\mingw-w64\bin;C:\Users\very_\anaconda3\Library\usr\bin;C:\Users\very_\anaconda3\Library\bin;C:\Users\very_\anaconda3\Scripts;C:\Users\very_\AppData\Local\Microsoft\WindowsApps;C:\Users\very_\AppData\Local\Programs\Microsoft VS Code\bin;C:\Program Files\JetBrains\IntelliJ IDEA Community Edition 2022.2\bin;C:\Program Files\JetBrains\CLion 2022.2\bin;C:\Program Files\JetBrains\DataGrip 2022.2.1\bin;C:\Program Files\JetBrains\DataSpell 2022.2\bin;C:\Program Files\JetBrains\IntelliJ IDEA 2022.2\bin;C:\Program Files\JetBrains\GoLand 2022.2.1\bin;C:\src\flutter\bin;C:\tools\dart-sdk\bin;C:\Users\very_\AppData\Roaming\Pub\Cache\bin;C:\Users\very_\go\bin;C:\Users\very_\AppData\Local\Coursier\cache\arc\https\github.com\AdoptOpenJDK\openjdk8-binaries\releases\download\jdk8u292-b10\OpenJDK8U-jdk_x64_windows_hotspot_8u292b10.zip\jdk8u292-b10\bin;C:\Users\very_\AppData\Local\Coursier\data\bin;C:\Program Files\JetBrains\PyCharm 2022.2.1\bin;C:\Users\very_\AppData\Local\JetBrains\Toolbox\scripts;;C:\Users\very_\AppData\Local\Coursier\cache\arc\https\github.com\AdoptOpenJDK\openjdk8-binaries\releases\download\jdk8u292-b10\OpenJDK8U-jdk_x64_windows_hotspot_8u292b10.zip\jdk8u292-b10\bin
Check launcher:	C:\Users\very_\AppData\Local\Coursier\cache\arc\https\github.com\AdoptOpenJDK\openjdk8-binaries\releases\download\jdk8u292-b10\OpenJDK8U-jdk_x64_windows_hotspot_8u292b10.zip\jdk8u292-b10\bin\javaw.exe (OK)
Version string: 1.008.000_292 / 64-Bit (OK)
Launcher:	C:\Users\very_\AppData\Local\Coursier\cache\arc\https\github.com\AdoptOpenJDK\openjdk8-binaries\releases\download\jdk8u292-b10\OpenJDK8U-jdk_x64_windows_hotspot_8u292b10.zip\jdk8u292-b10\bin\javaw.exe
Launcher args:	-jar "C:\JavaEd\task_11_16\11-16.exe"
Args length:	37/32768 chars
Exit code:	0
